<?xml version="1.0" encoding="UTF-8"?>
<testsuite name="CardTest" tests="1" skipped="0" failures="0" errors="0" timestamp="2021-11-19T10:57:23" hostname="DESKTOP-EKJ02L3" time="0.02">
  <properties/>
  <testcase name="checkingContentOfACard()" classname="CardTest" time="0.02"/>
  <system-out><![CDATA[]]></system-out>
  <system-err><![CDATA[]]></system-err>
</testsuite>
